  [1m[36m (21.7ms)[0m  [1mCREATE TABLE "schema_migrations" ("version" character varying(255) NOT NULL) [0m
  [1m[35m (17.7ms)[0m  CREATE UNIQUE INDEX  "unique_schema_migrations" ON "schema_migrations"  ("version")
  [1m[36mActiveRecord::SchemaMigration Load (0.4ms)[0m  [1mSELECT "schema_migrations".* FROM "schema_migrations"[0m
  [1m[36mActiveRecord::SchemaMigration Load (0.6ms)[0m  [1mSELECT "schema_migrations".* FROM "schema_migrations"[0m


Started GET "/" for 127.0.0.1 at 2015-03-17 10:42:00 -0500
Processing by HomeController#index as HTML
  Rendered home/index.html.slim within layouts/application (32.2ms)
Completed 200 OK in 1463ms (Views: 1439.7ms | ActiveRecord: 0.0ms)


Started GET "/assets/application.css?body=1" for 127.0.0.1 at 2015-03-17 10:42:02 -0500


Started GET "/assets/jquery.js?body=1" for 127.0.0.1 at 2015-03-17 10:42:02 -0500


Started GET "/assets/turbolinks.js?body=1" for 127.0.0.1 at 2015-03-17 10:42:02 -0500


Started GET "/assets/angular.js?body=1" for 127.0.0.1 at 2015-03-17 10:42:02 -0500


Started GET "/assets/app.js?body=1" for 127.0.0.1 at 2015-03-17 10:42:03 -0500


Started GET "/assets/application.js?body=1" for 127.0.0.1 at 2015-03-17 10:42:03 -0500


Started GET "/assets/controllers/tool.js?body=1" for 127.0.0.1 at 2015-03-17 10:42:03 -0500


Started GET "/images/logo.png" for 127.0.0.1 at 2015-03-17 10:42:03 -0500

ActionController::RoutingError (No route matches [GET] "/images/logo.png"):
  actionpack (4.1.6) lib/action_dispatch/middleware/debug_exceptions.rb:21:in `call'
  actionpack (4.1.6) lib/action_dispatch/middleware/show_exceptions.rb:30:in `call'
  railties (4.1.6) lib/rails/rack/logger.rb:38:in `call_app'
  railties (4.1.6) lib/rails/rack/logger.rb:20:in `block in call'
  activesupport (4.1.6) lib/active_support/tagged_logging.rb:68:in `block in tagged'
  activesupport (4.1.6) lib/active_support/tagged_logging.rb:26:in `tagged'
  activesupport (4.1.6) lib/active_support/tagged_logging.rb:68:in `tagged'
  railties (4.1.6) lib/rails/rack/logger.rb:20:in `call'
  actionpack (4.1.6) lib/action_dispatch/middleware/request_id.rb:21:in `call'
  rack (1.5.2) lib/rack/methodoverride.rb:21:in `call'
  rack (1.5.2) lib/rack/runtime.rb:17:in `call'
  activesupport (4.1.6) lib/active_support/cache/strategy/local_cache_middleware.rb:26:in `call'
  rack (1.5.2) lib/rack/lock.rb:17:in `call'
  actionpack (4.1.6) lib/action_dispatch/middleware/static.rb:64:in `call'
  rack (1.5.2) lib/rack/sendfile.rb:112:in `call'
  railties (4.1.6) lib/rails/engine.rb:514:in `call'
  railties (4.1.6) lib/rails/application.rb:144:in `call'
  rack (1.5.2) lib/rack/content_length.rb:14:in `call'
  puma (2.11.1) lib/puma/server.rb:507:in `handle_request'
  puma (2.11.1) lib/puma/server.rb:375:in `process_client'
  puma (2.11.1) lib/puma/server.rb:262:in `block in run'
  puma (2.11.1) lib/puma/thread_pool.rb:104:in `call'
  puma (2.11.1) lib/puma/thread_pool.rb:104:in `block in spawn_thread'


  Rendered /Users/manuelperez/.rvm/gems/ruby-2.1.2/gems/actionpack-4.1.6/lib/action_dispatch/middleware/templates/rescues/_trace.html.erb (1.4ms)
  Rendered /Users/manuelperez/.rvm/gems/ruby-2.1.2/gems/actionpack-4.1.6/lib/action_dispatch/middleware/templates/routes/_route.html.erb (0.9ms)
  Rendered /Users/manuelperez/.rvm/gems/ruby-2.1.2/gems/actionpack-4.1.6/lib/action_dispatch/middleware/templates/routes/_table.html.erb (60.7ms)
  Rendered /Users/manuelperez/.rvm/gems/ruby-2.1.2/gems/actionpack-4.1.6/lib/action_dispatch/middleware/templates/rescues/routing_error.html.erb within rescues/layout (111.1ms)


Started GET "/" for 127.0.0.1 at 2015-03-17 10:50:38 -0500
Processing by HomeController#index as HTML
  Rendered home/index.html.slim within layouts/application (3.2ms)
Completed 200 OK in 85ms (Views: 84.3ms | ActiveRecord: 0.0ms)


Started GET "/assets/application.css?body=1" for 127.0.0.1 at 2015-03-17 10:50:38 -0500


Started GET "/assets/turbolinks.js?body=1" for 127.0.0.1 at 2015-03-17 10:50:38 -0500


Started GET "/assets/jquery.js?body=1" for 127.0.0.1 at 2015-03-17 10:50:38 -0500


Started GET "/assets/angular.js?body=1" for 127.0.0.1 at 2015-03-17 10:50:38 -0500


Started GET "/assets/app.js?body=1" for 127.0.0.1 at 2015-03-17 10:50:38 -0500


Started GET "/assets/controllers/tool.js?body=1" for 127.0.0.1 at 2015-03-17 10:50:38 -0500


Started GET "/assets/application.js?body=1" for 127.0.0.1 at 2015-03-17 10:50:38 -0500


Started GET "/assets/logo.png" for 127.0.0.1 at 2015-03-17 10:50:38 -0500


Started GET "/" for 127.0.0.1 at 2015-03-17 10:52:54 -0500
Processing by HomeController#index as HTML
  Rendered home/index.html.slim within layouts/application (8.6ms)
Completed 200 OK in 145ms (Views: 144.6ms | ActiveRecord: 0.0ms)


Started GET "/assets/application.css?body=1" for 127.0.0.1 at 2015-03-17 10:52:54 -0500


Started GET "/assets/jquery.js?body=1" for 127.0.0.1 at 2015-03-17 10:52:54 -0500


Started GET "/assets/turbolinks.js?body=1" for 127.0.0.1 at 2015-03-17 10:52:54 -0500


Started GET "/assets/angular.js?body=1" for 127.0.0.1 at 2015-03-17 10:52:54 -0500


Started GET "/assets/app.js?body=1" for 127.0.0.1 at 2015-03-17 10:52:54 -0500


Started GET "/assets/controllers/tool.js?body=1" for 127.0.0.1 at 2015-03-17 10:52:54 -0500


Started GET "/assets/application.js?body=1" for 127.0.0.1 at 2015-03-17 10:52:54 -0500


Started GET "/assets/logo.png" for 127.0.0.1 at 2015-03-17 10:52:54 -0500


Started GET "/" for 127.0.0.1 at 2015-03-17 10:53:49 -0500
Processing by HomeController#index as HTML
  Rendered home/index.html.slim within layouts/application (0.3ms)
Completed 200 OK in 110ms (Views: 109.4ms | ActiveRecord: 0.0ms)


Started GET "/assets/application.css?body=1" for 127.0.0.1 at 2015-03-17 10:53:49 -0500


Started GET "/assets/jquery.js?body=1" for 127.0.0.1 at 2015-03-17 10:53:49 -0500


Started GET "/assets/turbolinks.js?body=1" for 127.0.0.1 at 2015-03-17 10:53:49 -0500


Started GET "/assets/angular.js?body=1" for 127.0.0.1 at 2015-03-17 10:53:49 -0500


Started GET "/assets/app.js?body=1" for 127.0.0.1 at 2015-03-17 10:53:49 -0500


Started GET "/assets/application.js?body=1" for 127.0.0.1 at 2015-03-17 10:53:50 -0500


Started GET "/assets/controllers/tool.js?body=1" for 127.0.0.1 at 2015-03-17 10:53:50 -0500


Started GET "/assets/logo.png" for 127.0.0.1 at 2015-03-17 10:53:50 -0500


Started GET "/" for 127.0.0.1 at 2015-03-17 10:53:52 -0500
Processing by HomeController#index as HTML
  Rendered home/index.html.slim within layouts/application (0.3ms)
Completed 200 OK in 73ms (Views: 72.1ms | ActiveRecord: 0.0ms)


Started GET "/assets/jquery.js?body=1" for 127.0.0.1 at 2015-03-17 10:53:52 -0500


Started GET "/assets/turbolinks.js?body=1" for 127.0.0.1 at 2015-03-17 10:53:52 -0500


Started GET "/assets/application.css?body=1" for 127.0.0.1 at 2015-03-17 10:53:52 -0500


Started GET "/assets/app.js?body=1" for 127.0.0.1 at 2015-03-17 10:53:52 -0500


Started GET "/assets/angular.js?body=1" for 127.0.0.1 at 2015-03-17 10:53:52 -0500


Started GET "/assets/controllers/tool.js?body=1" for 127.0.0.1 at 2015-03-17 10:53:52 -0500


Started GET "/assets/application.js?body=1" for 127.0.0.1 at 2015-03-17 10:53:52 -0500


Started GET "/assets/logo.png" for 127.0.0.1 at 2015-03-17 10:53:52 -0500


Started GET "/" for 127.0.0.1 at 2015-03-17 10:54:04 -0500
Processing by HomeController#index as HTML
  Rendered home/index.html.slim within layouts/application (1.0ms)
Completed 200 OK in 107ms (Views: 106.4ms | ActiveRecord: 0.0ms)


Started GET "/assets/application.css?body=1" for 127.0.0.1 at 2015-03-17 10:54:04 -0500


Started GET "/assets/app.js?body=1" for 127.0.0.1 at 2015-03-17 10:54:04 -0500


Started GET "/assets/angular.js?body=1" for 127.0.0.1 at 2015-03-17 10:54:04 -0500


Started GET "/assets/turbolinks.js?body=1" for 127.0.0.1 at 2015-03-17 10:54:04 -0500


Started GET "/assets/jquery.js?body=1" for 127.0.0.1 at 2015-03-17 10:54:04 -0500


Started GET "/assets/controllers/tool.js?body=1" for 127.0.0.1 at 2015-03-17 10:54:04 -0500


Started GET "/assets/application.js?body=1" for 127.0.0.1 at 2015-03-17 10:54:04 -0500


Started GET "/assets/logo.png" for 127.0.0.1 at 2015-03-17 10:54:04 -0500


Started GET "/" for 127.0.0.1 at 2015-03-17 10:54:05 -0500
Processing by HomeController#index as HTML
  Rendered home/index.html.slim within layouts/application (0.3ms)
Completed 200 OK in 78ms (Views: 77.4ms | ActiveRecord: 0.0ms)


Started GET "/assets/application.css?body=1" for 127.0.0.1 at 2015-03-17 10:54:06 -0500


Started GET "/assets/jquery.js?body=1" for 127.0.0.1 at 2015-03-17 10:54:06 -0500


Started GET "/assets/turbolinks.js?body=1" for 127.0.0.1 at 2015-03-17 10:54:06 -0500


Started GET "/assets/angular.js?body=1" for 127.0.0.1 at 2015-03-17 10:54:06 -0500


Started GET "/assets/controllers/tool.js?body=1" for 127.0.0.1 at 2015-03-17 10:54:06 -0500


Started GET "/assets/app.js?body=1" for 127.0.0.1 at 2015-03-17 10:54:06 -0500


Started GET "/assets/application.js?body=1" for 127.0.0.1 at 2015-03-17 10:54:06 -0500


Started GET "/assets/logo.png" for 127.0.0.1 at 2015-03-17 10:54:06 -0500


Started GET "/" for 127.0.0.1 at 2015-03-17 10:54:09 -0500
Processing by HomeController#index as HTML
  Rendered home/index.html.slim within layouts/application (31.0ms)
Completed 200 OK in 117ms (Views: 116.0ms | ActiveRecord: 0.0ms)


Started GET "/assets/application.css?body=1" for 127.0.0.1 at 2015-03-17 10:54:09 -0500


Started GET "/assets/turbolinks.js?body=1" for 127.0.0.1 at 2015-03-17 10:54:09 -0500


Started GET "/assets/jquery.js?body=1" for 127.0.0.1 at 2015-03-17 10:54:09 -0500


Started GET "/assets/angular.js?body=1" for 127.0.0.1 at 2015-03-17 10:54:09 -0500


Started GET "/assets/application.js?body=1" for 127.0.0.1 at 2015-03-17 10:54:09 -0500


Started GET "/assets/controllers/tool.js?body=1" for 127.0.0.1 at 2015-03-17 10:54:09 -0500


Started GET "/assets/app.js?body=1" for 127.0.0.1 at 2015-03-17 10:54:09 -0500


Started GET "/images/lodsgo.png" for 127.0.0.1 at 2015-03-17 10:54:09 -0500

ActionController::RoutingError (No route matches [GET] "/images/lodsgo.png"):
  actionpack (4.1.6) lib/action_dispatch/middleware/debug_exceptions.rb:21:in `call'
  actionpack (4.1.6) lib/action_dispatch/middleware/show_exceptions.rb:30:in `call'
  railties (4.1.6) lib/rails/rack/logger.rb:38:in `call_app'
  railties (4.1.6) lib/rails/rack/logger.rb:20:in `block in call'
  activesupport (4.1.6) lib/active_support/tagged_logging.rb:68:in `block in tagged'
  activesupport (4.1.6) lib/active_support/tagged_logging.rb:26:in `tagged'
  activesupport (4.1.6) lib/active_support/tagged_logging.rb:68:in `tagged'
  railties (4.1.6) lib/rails/rack/logger.rb:20:in `call'
  actionpack (4.1.6) lib/action_dispatch/middleware/request_id.rb:21:in `call'
  rack (1.5.2) lib/rack/methodoverride.rb:21:in `call'
  rack (1.5.2) lib/rack/runtime.rb:17:in `call'
  activesupport (4.1.6) lib/active_support/cache/strategy/local_cache_middleware.rb:26:in `call'
  rack (1.5.2) lib/rack/lock.rb:17:in `call'
  actionpack (4.1.6) lib/action_dispatch/middleware/static.rb:64:in `call'
  rack (1.5.2) lib/rack/sendfile.rb:112:in `call'
  railties (4.1.6) lib/rails/engine.rb:514:in `call'
  railties (4.1.6) lib/rails/application.rb:144:in `call'
  rack (1.5.2) lib/rack/content_length.rb:14:in `call'
  puma (2.11.1) lib/puma/server.rb:507:in `handle_request'
  puma (2.11.1) lib/puma/server.rb:375:in `process_client'
  puma (2.11.1) lib/puma/server.rb:262:in `block in run'
  puma (2.11.1) lib/puma/thread_pool.rb:104:in `call'
  puma (2.11.1) lib/puma/thread_pool.rb:104:in `block in spawn_thread'


  Rendered /Users/manuelperez/.rvm/gems/ruby-2.1.2/gems/actionpack-4.1.6/lib/action_dispatch/middleware/templates/rescues/_trace.html.erb (7.5ms)
  Rendered /Users/manuelperez/.rvm/gems/ruby-2.1.2/gems/actionpack-4.1.6/lib/action_dispatch/middleware/templates/routes/_route.html.erb (0.9ms)
  Rendered /Users/manuelperez/.rvm/gems/ruby-2.1.2/gems/actionpack-4.1.6/lib/action_dispatch/middleware/templates/routes/_table.html.erb (1.2ms)
  Rendered /Users/manuelperez/.rvm/gems/ruby-2.1.2/gems/actionpack-4.1.6/lib/action_dispatch/middleware/templates/rescues/routing_error.html.erb within rescues/layout (25.7ms)


Started GET "/" for 127.0.0.1 at 2015-03-17 10:54:12 -0500
Processing by HomeController#index as HTML
  Rendered home/index.html.slim within layouts/application (6.1ms)
Completed 200 OK in 89ms (Views: 88.5ms | ActiveRecord: 0.0ms)


Started GET "/assets/turbolinks.js?body=1" for 127.0.0.1 at 2015-03-17 10:54:12 -0500


Started GET "/assets/jquery.js?body=1" for 127.0.0.1 at 2015-03-17 10:54:12 -0500


Started GET "/assets/controllers/tool.js?body=1" for 127.0.0.1 at 2015-03-17 10:54:12 -0500


Started GET "/assets/app.js?body=1" for 127.0.0.1 at 2015-03-17 10:54:12 -0500


Started GET "/assets/angular.js?body=1" for 127.0.0.1 at 2015-03-17 10:54:12 -0500


Started GET "/assets/application.css?body=1" for 127.0.0.1 at 2015-03-17 10:54:12 -0500


Started GET "/assets/application.js?body=1" for 127.0.0.1 at 2015-03-17 10:54:12 -0500


Started GET "/assets/logo.png" for 127.0.0.1 at 2015-03-17 10:54:12 -0500


Started GET "/" for 127.0.0.1 at 2015-03-17 10:55:08 -0500
Processing by HomeController#index as HTML
  Rendered home/index.html.slim within layouts/application (1.0ms)
Completed 200 OK in 105ms (Views: 104.5ms | ActiveRecord: 0.0ms)


Started GET "/assets/application.css?body=1" for 127.0.0.1 at 2015-03-17 10:55:08 -0500


Started GET "/assets/jquery.js?body=1" for 127.0.0.1 at 2015-03-17 10:55:08 -0500


Started GET "/assets/turbolinks.js?body=1" for 127.0.0.1 at 2015-03-17 10:55:08 -0500


Started GET "/assets/angular.js?body=1" for 127.0.0.1 at 2015-03-17 10:55:08 -0500


Started GET "/assets/app.js?body=1" for 127.0.0.1 at 2015-03-17 10:55:08 -0500


Started GET "/assets/controllers/tool.js?body=1" for 127.0.0.1 at 2015-03-17 10:55:08 -0500


Started GET "/assets/application.js?body=1" for 127.0.0.1 at 2015-03-17 10:55:08 -0500


Started GET "/assets/logo.png" for 127.0.0.1 at 2015-03-17 10:55:08 -0500


Started GET "/" for 127.0.0.1 at 2015-03-17 10:59:03 -0500
Processing by HomeController#index as HTML
  Rendered home/index.html.slim within layouts/application (0.3ms)
Completed 500 Internal Server Error in 30ms

ActionView::Template::Error (Invalid CSS after "@import "home"": expected selector or at-rule, was "@import "bootst..."
  (in /Users/manuelperez/Projects/sys_eps/app/assets/stylesheets/application.css.scss:2)):
     7:   <meta content="IE=edge,chrome=1" http-equiv="X-UA-Compatible">
     8:   <meta name="viewport" content="width=device-width, initial-scale=1">
     9: 
    10:   <%= stylesheet_link_tag    'application', media: 'all', 'data-turbolinks-track' => true %>
    11:   <%= javascript_include_tag 'application', 'data-turbolinks-track' => true %>
    12:   <%= favicon_link_tag 'favicon.ico' %>
    13:   <!-- <%= csrf_meta_tags %> -->
  app/assets/stylesheets/application.css.scss:2
  app/views/layouts/application.html.erb:10:in `_app_views_layouts_application_html_erb___2529560670001262987_70263564601640'


  Rendered /Users/manuelperez/.rvm/gems/ruby-2.1.2/gems/actionpack-4.1.6/lib/action_dispatch/middleware/templates/rescues/_trace.html.erb (1.5ms)
  Rendered /Users/manuelperez/.rvm/gems/ruby-2.1.2/gems/actionpack-4.1.6/lib/action_dispatch/middleware/templates/rescues/_request_and_response.html.erb (1.2ms)
  Rendered /Users/manuelperez/.rvm/gems/ruby-2.1.2/gems/actionpack-4.1.6/lib/action_dispatch/middleware/templates/rescues/template_error.html.erb within rescues/layout (14.6ms)


Started GET "/" for 127.0.0.1 at 2015-03-17 10:59:27 -0500
Processing by HomeController#index as HTML
  Rendered home/index.html.slim within layouts/application (0.3ms)
Completed 500 Internal Server Error in 19ms

ActionView::Template::Error (File to import not found or unreadable: bootstrap.min.
Load paths:
  /Users/manuelperez/Projects/sys_eps/app/assets/images
  /Users/manuelperez/Projects/sys_eps/app/assets/javascripts
  /Users/manuelperez/Projects/sys_eps/app/assets/stylesheets
  /Users/manuelperez/Projects/sys_eps/vendor/assets/javascripts
  /Users/manuelperez/Projects/sys_eps/vendor/assets/stylesheets
  /Users/manuelperez/.rvm/gems/ruby-2.1.2/gems/font-awesome-rails-4.3.0.0/app/assets/fonts
  /Users/manuelperez/.rvm/gems/ruby-2.1.2/gems/font-awesome-rails-4.3.0.0/app/assets/stylesheets
  /Users/manuelperez/.rvm/gems/ruby-2.1.2/gems/turbolinks-2.5.3/lib/assets/javascripts
  /Users/manuelperez/.rvm/gems/ruby-2.1.2/gems/angularjs-rails-1.3.14/vendor/assets/javascripts
  /Users/manuelperez/.rvm/gems/ruby-2.1.2/gems/jquery-rails-3.1.2/vendor/assets/javascripts
  /Users/manuelperez/.rvm/gems/ruby-2.1.2/gems/coffee-rails-4.0.1/lib/assets/javascripts
  /Users/manuelperez/.rvm/gems/ruby-2.1.2/gems/bootstrap-sass-3.3.4/assets/stylesheets
  /Users/manuelperez/.rvm/gems/ruby-2.1.2/gems/bootstrap-sass-3.3.4/assets/javascripts
  /Users/manuelperez/.rvm/gems/ruby-2.1.2/gems/bootstrap-sass-3.3.4/assets/fonts
  /Users/manuelperez/.rvm/gems/ruby-2.1.2/gems/bootstrap-sass-3.3.4/assets/images
  /Users/manuelperez/.rvm/gems/ruby-2.1.2/gems/bootstrap-sass-3.3.4/assets/stylesheets
  (in /Users/manuelperez/Projects/sys_eps/app/assets/stylesheets/application.css.scss:1)):
     7:   <meta content="IE=edge,chrome=1" http-equiv="X-UA-Compatible">
     8:   <meta name="viewport" content="width=device-width, initial-scale=1">
     9: 
    10:   <%= stylesheet_link_tag    'application', media: 'all', 'data-turbolinks-track' => true %>
    11:   <%= javascript_include_tag 'application', 'data-turbolinks-track' => true %>
    12:   <%= favicon_link_tag 'favicon.ico' %>
    13:   <!-- <%= csrf_meta_tags %> -->
  app/assets/stylesheets/application.css.scss:1
  app/views/layouts/application.html.erb:10:in `_app_views_layouts_application_html_erb___2529560670001262987_70263564601640'


  Rendered /Users/manuelperez/.rvm/gems/ruby-2.1.2/gems/actionpack-4.1.6/lib/action_dispatch/middleware/templates/rescues/_trace.html.erb (1.5ms)
  Rendered /Users/manuelperez/.rvm/gems/ruby-2.1.2/gems/actionpack-4.1.6/lib/action_dispatch/middleware/templates/rescues/_request_and_response.html.erb (1.6ms)
  Rendered /Users/manuelperez/.rvm/gems/ruby-2.1.2/gems/actionpack-4.1.6/lib/action_dispatch/middleware/templates/rescues/template_error.html.erb within rescues/layout (12.6ms)


Started GET "/" for 127.0.0.1 at 2015-03-17 10:59:28 -0500
Processing by HomeController#index as HTML
  Rendered home/index.html.slim within layouts/application (0.3ms)
Completed 500 Internal Server Error in 16ms

ActionView::Template::Error (File to import not found or unreadable: bootstrap.min.
Load paths:
  /Users/manuelperez/Projects/sys_eps/app/assets/images
  /Users/manuelperez/Projects/sys_eps/app/assets/javascripts
  /Users/manuelperez/Projects/sys_eps/app/assets/stylesheets
  /Users/manuelperez/Projects/sys_eps/vendor/assets/javascripts
  /Users/manuelperez/Projects/sys_eps/vendor/assets/stylesheets
  /Users/manuelperez/.rvm/gems/ruby-2.1.2/gems/font-awesome-rails-4.3.0.0/app/assets/fonts
  /Users/manuelperez/.rvm/gems/ruby-2.1.2/gems/font-awesome-rails-4.3.0.0/app/assets/stylesheets
  /Users/manuelperez/.rvm/gems/ruby-2.1.2/gems/turbolinks-2.5.3/lib/assets/javascripts
  /Users/manuelperez/.rvm/gems/ruby-2.1.2/gems/angularjs-rails-1.3.14/vendor/assets/javascripts
  /Users/manuelperez/.rvm/gems/ruby-2.1.2/gems/jquery-rails-3.1.2/vendor/assets/javascripts
  /Users/manuelperez/.rvm/gems/ruby-2.1.2/gems/coffee-rails-4.0.1/lib/assets/javascripts
  /Users/manuelperez/.rvm/gems/ruby-2.1.2/gems/bootstrap-sass-3.3.4/assets/stylesheets
  /Users/manuelperez/.rvm/gems/ruby-2.1.2/gems/bootstrap-sass-3.3.4/assets/javascripts
  /Users/manuelperez/.rvm/gems/ruby-2.1.2/gems/bootstrap-sass-3.3.4/assets/fonts
  /Users/manuelperez/.rvm/gems/ruby-2.1.2/gems/bootstrap-sass-3.3.4/assets/images
  /Users/manuelperez/.rvm/gems/ruby-2.1.2/gems/bootstrap-sass-3.3.4/assets/stylesheets
  (in /Users/manuelperez/Projects/sys_eps/app/assets/stylesheets/application.css.scss:1)):
     7:   <meta content="IE=edge,chrome=1" http-equiv="X-UA-Compatible">
     8:   <meta name="viewport" content="width=device-width, initial-scale=1">
     9: 
    10:   <%= stylesheet_link_tag    'application', media: 'all', 'data-turbolinks-track' => true %>
    11:   <%= javascript_include_tag 'application', 'data-turbolinks-track' => true %>
    12:   <%= favicon_link_tag 'favicon.ico' %>
    13:   <!-- <%= csrf_meta_tags %> -->
  app/assets/stylesheets/application.css.scss:1
  app/views/layouts/application.html.erb:10:in `_app_views_layouts_application_html_erb___2529560670001262987_70263564601640'


  Rendered /Users/manuelperez/.rvm/gems/ruby-2.1.2/gems/actionpack-4.1.6/lib/action_dispatch/middleware/templates/rescues/_trace.html.erb (1.6ms)
  Rendered /Users/manuelperez/.rvm/gems/ruby-2.1.2/gems/actionpack-4.1.6/lib/action_dispatch/middleware/templates/rescues/_request_and_response.html.erb (1.2ms)
  Rendered /Users/manuelperez/.rvm/gems/ruby-2.1.2/gems/actionpack-4.1.6/lib/action_dispatch/middleware/templates/rescues/template_error.html.erb within rescues/layout (14.9ms)


Started GET "/" for 127.0.0.1 at 2015-03-17 11:00:05 -0500
Processing by HomeController#index as HTML
  Rendered home/index.html.slim within layouts/application (0.3ms)
Completed 200 OK in 1963ms (Views: 1962.4ms | ActiveRecord: 0.0ms)


Started GET "/assets/application.css?body=1" for 127.0.0.1 at 2015-03-17 11:00:07 -0500


Started GET "/assets/jquery.js?body=1" for 127.0.0.1 at 2015-03-17 11:00:07 -0500


Started GET "/assets/turbolinks.js?body=1" for 127.0.0.1 at 2015-03-17 11:00:07 -0500


Started GET "/assets/angular.js?body=1" for 127.0.0.1 at 2015-03-17 11:00:07 -0500


Started GET "/assets/app.js?body=1" for 127.0.0.1 at 2015-03-17 11:00:07 -0500


Started GET "/assets/controllers/tool.js?body=1" for 127.0.0.1 at 2015-03-17 11:00:07 -0500


Started GET "/assets/application.js?body=1" for 127.0.0.1 at 2015-03-17 11:00:07 -0500


Started GET "/assets/logo.png" for 127.0.0.1 at 2015-03-17 11:00:07 -0500


Started GET "/assets/application.css?body=1" for 127.0.0.1 at 2015-03-17 11:00:22 -0500


Started GET "/" for 127.0.0.1 at 2015-03-17 11:00:59 -0500
Processing by HomeController#index as HTML
  Rendered home/index.html.slim within layouts/application (0.3ms)
Completed 200 OK in 665ms (Views: 664.0ms | ActiveRecord: 0.0ms)


Started GET "/assets/application.css?body=1" for 127.0.0.1 at 2015-03-17 11:01:00 -0500


Started GET "/assets/turbolinks.js?body=1" for 127.0.0.1 at 2015-03-17 11:01:00 -0500


Started GET "/assets/jquery.js?body=1" for 127.0.0.1 at 2015-03-17 11:01:00 -0500


Started GET "/assets/angular.js?body=1" for 127.0.0.1 at 2015-03-17 11:01:00 -0500


Started GET "/assets/app.js?body=1" for 127.0.0.1 at 2015-03-17 11:01:00 -0500


Started GET "/assets/controllers/tool.js?body=1" for 127.0.0.1 at 2015-03-17 11:01:00 -0500


Started GET "/assets/application.js?body=1" for 127.0.0.1 at 2015-03-17 11:01:00 -0500


Started GET "/assets/logo.png" for 127.0.0.1 at 2015-03-17 11:01:00 -0500


Started GET "/" for 127.0.0.1 at 2015-03-17 11:07:18 -0500
Processing by HomeController#index as HTML
  Rendered home/index.html.slim within layouts/application (0.3ms)
Completed 500 Internal Server Error in 590ms

ActionView::Template::Error (Asset filtered out and will not be served: add `Rails.application.config.assets.precompile += %w( all.css )` to `config/initializers/assets.rb` and restart your server):
     7:   <meta content="IE=edge,chrome=1" http-equiv="X-UA-Compatible">
     8:   <meta name="viewport" content="width=device-width, initial-scale=1">
     9: 
    10:   <%= stylesheet_link_tag 'all', media: 'all', 'data-turbolinks-track' => true %>
    11:   <%= javascript_include_tag 'application', 'data-turbolinks-track' => true %>
    12:   <%= favicon_link_tag 'favicon.ico' %>
    13:   <!-- <%= csrf_meta_tags %> -->
  app/views/layouts/application.html.erb:10:in `_app_views_layouts_application_html_erb___2529560670001262987_70263579525720'


  Rendered /Users/manuelperez/.rvm/gems/ruby-2.1.2/gems/actionpack-4.1.6/lib/action_dispatch/middleware/templates/rescues/_trace.html.erb (1.2ms)
  Rendered /Users/manuelperez/.rvm/gems/ruby-2.1.2/gems/actionpack-4.1.6/lib/action_dispatch/middleware/templates/rescues/_request_and_response.html.erb (1.0ms)
  Rendered /Users/manuelperez/.rvm/gems/ruby-2.1.2/gems/actionpack-4.1.6/lib/action_dispatch/middleware/templates/rescues/template_error.html.erb within rescues/layout (12.7ms)


Started GET "/" for 127.0.0.1 at 2015-03-17 11:08:26 -0500
Processing by HomeController#index as HTML
  Rendered home/index.html.slim within layouts/application (0.4ms)
Completed 500 Internal Server Error in 15ms

ActionView::Template::Error (Asset filtered out and will not be served: add `Rails.application.config.assets.precompile += %w( all.css )` to `config/initializers/assets.rb` and restart your server):
     7:   <meta content="IE=edge,chrome=1" http-equiv="X-UA-Compatible">
     8:   <meta name="viewport" content="width=device-width, initial-scale=1">
     9: 
    10:   <%= stylesheet_link_tag 'all', media: 'all', 'data-turbolinks-track' => true %>
    11:   <%= javascript_include_tag 'application', 'data-turbolinks-track' => true %>
    12:   <%= favicon_link_tag 'favicon.ico' %>
    13:   <!-- <%= csrf_meta_tags %> -->
  app/views/layouts/application.html.erb:10:in `_app_views_layouts_application_html_erb___2529560670001262987_70263579525720'


  Rendered /Users/manuelperez/.rvm/gems/ruby-2.1.2/gems/actionpack-4.1.6/lib/action_dispatch/middleware/templates/rescues/_trace.html.erb (1.7ms)
  Rendered /Users/manuelperez/.rvm/gems/ruby-2.1.2/gems/actionpack-4.1.6/lib/action_dispatch/middleware/templates/rescues/_request_and_response.html.erb (1.0ms)
  Rendered /Users/manuelperez/.rvm/gems/ruby-2.1.2/gems/actionpack-4.1.6/lib/action_dispatch/middleware/templates/rescues/template_error.html.erb within rescues/layout (12.6ms)


Started GET "/" for 127.0.0.1 at 2015-03-17 11:08:27 -0500
Processing by HomeController#index as HTML
  Rendered home/index.html.slim within layouts/application (0.3ms)
Completed 500 Internal Server Error in 4ms

ActionView::Template::Error (Asset filtered out and will not be served: add `Rails.application.config.assets.precompile += %w( all.css )` to `config/initializers/assets.rb` and restart your server):
     7:   <meta content="IE=edge,chrome=1" http-equiv="X-UA-Compatible">
     8:   <meta name="viewport" content="width=device-width, initial-scale=1">
     9: 
    10:   <%= stylesheet_link_tag 'all', media: 'all', 'data-turbolinks-track' => true %>
    11:   <%= javascript_include_tag 'application', 'data-turbolinks-track' => true %>
    12:   <%= favicon_link_tag 'favicon.ico' %>
    13:   <!-- <%= csrf_meta_tags %> -->
  app/views/layouts/application.html.erb:10:in `_app_views_layouts_application_html_erb___2529560670001262987_70263579525720'


  Rendered /Users/manuelperez/.rvm/gems/ruby-2.1.2/gems/actionpack-4.1.6/lib/action_dispatch/middleware/templates/rescues/_trace.html.erb (1.2ms)
  Rendered /Users/manuelperez/.rvm/gems/ruby-2.1.2/gems/actionpack-4.1.6/lib/action_dispatch/middleware/templates/rescues/_request_and_response.html.erb (1.4ms)
  Rendered /Users/manuelperez/.rvm/gems/ruby-2.1.2/gems/actionpack-4.1.6/lib/action_dispatch/middleware/templates/rescues/template_error.html.erb within rescues/layout (12.3ms)


Started GET "/" for 127.0.0.1 at 2015-03-17 11:08:57 -0500
Processing by HomeController#index as HTML
  Rendered home/index.html.slim within layouts/application (0.3ms)
Completed 500 Internal Server Error in 8ms

ActionView::Template::Error (Asset filtered out and will not be served: add `Rails.application.config.assets.precompile += %w( all.css )` to `config/initializers/assets.rb` and restart your server):
     7:   <meta content="IE=edge,chrome=1" http-equiv="X-UA-Compatible">
     8:   <meta name="viewport" content="width=device-width, initial-scale=1">
     9: 
    10:   <%= stylesheet_link_tag 'all', media: 'all', 'data-turbolinks-track' => true %>
    11:   <%= javascript_include_tag 'application', 'data-turbolinks-track' => true %>
    12:   <%= favicon_link_tag 'favicon.ico' %>
    13:   <!-- <%= csrf_meta_tags %> -->
  app/views/layouts/application.html.erb:10:in `_app_views_layouts_application_html_erb___2529560670001262987_70263605894620'


  Rendered /Users/manuelperez/.rvm/gems/ruby-2.1.2/gems/actionpack-4.1.6/lib/action_dispatch/middleware/templates/rescues/_trace.html.erb (1.6ms)
  Rendered /Users/manuelperez/.rvm/gems/ruby-2.1.2/gems/actionpack-4.1.6/lib/action_dispatch/middleware/templates/rescues/_request_and_response.html.erb (1.2ms)
  Rendered /Users/manuelperez/.rvm/gems/ruby-2.1.2/gems/actionpack-4.1.6/lib/action_dispatch/middleware/templates/rescues/template_error.html.erb within rescues/layout (14.8ms)


Started GET "/" for 127.0.0.1 at 2015-03-17 11:08:58 -0500
Processing by HomeController#index as HTML
  Rendered home/index.html.slim within layouts/application (0.4ms)
Completed 500 Internal Server Error in 4ms

ActionView::Template::Error (Asset filtered out and will not be served: add `Rails.application.config.assets.precompile += %w( all.css )` to `config/initializers/assets.rb` and restart your server):
     7:   <meta content="IE=edge,chrome=1" http-equiv="X-UA-Compatible">
     8:   <meta name="viewport" content="width=device-width, initial-scale=1">
     9: 
    10:   <%= stylesheet_link_tag 'all', media: 'all', 'data-turbolinks-track' => true %>
    11:   <%= javascript_include_tag 'application', 'data-turbolinks-track' => true %>
    12:   <%= favicon_link_tag 'favicon.ico' %>
    13:   <!-- <%= csrf_meta_tags %> -->
  app/views/layouts/application.html.erb:10:in `_app_views_layouts_application_html_erb___2529560670001262987_70263605894620'


  Rendered /Users/manuelperez/.rvm/gems/ruby-2.1.2/gems/actionpack-4.1.6/lib/action_dispatch/middleware/templates/rescues/_trace.html.erb (1.2ms)
  Rendered /Users/manuelperez/.rvm/gems/ruby-2.1.2/gems/actionpack-4.1.6/lib/action_dispatch/middleware/templates/rescues/_request_and_response.html.erb (1.2ms)
  Rendered /Users/manuelperez/.rvm/gems/ruby-2.1.2/gems/actionpack-4.1.6/lib/action_dispatch/middleware/templates/rescues/template_error.html.erb within rescues/layout (12.1ms)


Started GET "/" for 127.0.0.1 at 2015-03-17 11:09:11 -0500
Processing by HomeController#index as HTML
  Rendered home/index.html.slim within layouts/application (0.3ms)
Completed 500 Internal Server Error in 644ms

ActionView::Template::Error (Asset filtered out and will not be served: add `Rails.application.config.assets.precompile += %w( all.css )` to `config/initializers/assets.rb` and restart your server):
     7:   <meta content="IE=edge,chrome=1" http-equiv="X-UA-Compatible">
     8:   <meta name="viewport" content="width=device-width, initial-scale=1">
     9: 
    10:   <%= stylesheet_link_tag 'all', media: 'all', 'data-turbolinks-track' => true %>
    11:   <%= javascript_include_tag 'application', 'data-turbolinks-track' => true %>
    12:   <%= favicon_link_tag 'favicon.ico' %>
    13:   <!-- <%= csrf_meta_tags %> -->
  app/views/layouts/application.html.erb:10:in `_app_views_layouts_application_html_erb___2529560670001262987_70263605894620'


  Rendered /Users/manuelperez/.rvm/gems/ruby-2.1.2/gems/actionpack-4.1.6/lib/action_dispatch/middleware/templates/rescues/_trace.html.erb (1.4ms)
  Rendered /Users/manuelperez/.rvm/gems/ruby-2.1.2/gems/actionpack-4.1.6/lib/action_dispatch/middleware/templates/rescues/_request_and_response.html.erb (1.0ms)
  Rendered /Users/manuelperez/.rvm/gems/ruby-2.1.2/gems/actionpack-4.1.6/lib/action_dispatch/middleware/templates/rescues/template_error.html.erb within rescues/layout (12.9ms)


Started GET "/" for 127.0.0.1 at 2015-03-17 11:09:13 -0500
Processing by HomeController#index as HTML
  Rendered home/index.html.slim within layouts/application (0.3ms)
Completed 500 Internal Server Error in 4ms

ActionView::Template::Error (Asset filtered out and will not be served: add `Rails.application.config.assets.precompile += %w( all.css )` to `config/initializers/assets.rb` and restart your server):
     7:   <meta content="IE=edge,chrome=1" http-equiv="X-UA-Compatible">
     8:   <meta name="viewport" content="width=device-width, initial-scale=1">
     9: 
    10:   <%= stylesheet_link_tag 'all', media: 'all', 'data-turbolinks-track' => true %>
    11:   <%= javascript_include_tag 'application', 'data-turbolinks-track' => true %>
    12:   <%= favicon_link_tag 'favicon.ico' %>
    13:   <!-- <%= csrf_meta_tags %> -->
  app/views/layouts/application.html.erb:10:in `_app_views_layouts_application_html_erb___2529560670001262987_70263605894620'


  Rendered /Users/manuelperez/.rvm/gems/ruby-2.1.2/gems/actionpack-4.1.6/lib/action_dispatch/middleware/templates/rescues/_trace.html.erb (1.2ms)
  Rendered /Users/manuelperez/.rvm/gems/ruby-2.1.2/gems/actionpack-4.1.6/lib/action_dispatch/middleware/templates/rescues/_request_and_response.html.erb (1.0ms)
  Rendered /Users/manuelperez/.rvm/gems/ruby-2.1.2/gems/actionpack-4.1.6/lib/action_dispatch/middleware/templates/rescues/template_error.html.erb within rescues/layout (13.8ms)


Started GET "/" for 127.0.0.1 at 2015-03-17 11:09:44 -0500
Processing by HomeController#index as HTML
  Rendered home/index.html.slim within layouts/application (0.3ms)
Completed 500 Internal Server Error in 3ms

ActionView::Template::Error (Asset filtered out and will not be served: add `Rails.application.config.assets.precompile += %w( all.css )` to `config/initializers/assets.rb` and restart your server):
     7:   <meta content="IE=edge,chrome=1" http-equiv="X-UA-Compatible">
     8:   <meta name="viewport" content="width=device-width, initial-scale=1">
     9: 
    10:   <%= stylesheet_link_tag 'all', media: 'all', 'data-turbolinks-track' => true %>
    11:   <%= javascript_include_tag 'application', 'data-turbolinks-track' => true %>
    12:   <%= favicon_link_tag 'favicon.ico' %>
    13:   <!-- <%= csrf_meta_tags %> -->
  app/views/layouts/application.html.erb:10:in `_app_views_layouts_application_html_erb___2529560670001262987_70263605894620'


  Rendered /Users/manuelperez/.rvm/gems/ruby-2.1.2/gems/actionpack-4.1.6/lib/action_dispatch/middleware/templates/rescues/_trace.html.erb (2.0ms)
  Rendered /Users/manuelperez/.rvm/gems/ruby-2.1.2/gems/actionpack-4.1.6/lib/action_dispatch/middleware/templates/rescues/_request_and_response.html.erb (1.7ms)
  Rendered /Users/manuelperez/.rvm/gems/ruby-2.1.2/gems/actionpack-4.1.6/lib/action_dispatch/middleware/templates/rescues/template_error.html.erb within rescues/layout (22.0ms)


Started GET "/" for 127.0.0.1 at 2015-03-17 11:09:45 -0500
Processing by HomeController#index as HTML
  Rendered home/index.html.slim within layouts/application (0.4ms)
Completed 500 Internal Server Error in 5ms

ActionView::Template::Error (Asset filtered out and will not be served: add `Rails.application.config.assets.precompile += %w( all.css )` to `config/initializers/assets.rb` and restart your server):
     7:   <meta content="IE=edge,chrome=1" http-equiv="X-UA-Compatible">
     8:   <meta name="viewport" content="width=device-width, initial-scale=1">
     9: 
    10:   <%= stylesheet_link_tag 'all', media: 'all', 'data-turbolinks-track' => true %>
    11:   <%= javascript_include_tag 'application', 'data-turbolinks-track' => true %>
    12:   <%= favicon_link_tag 'favicon.ico' %>
    13:   <!-- <%= csrf_meta_tags %> -->
  app/views/layouts/application.html.erb:10:in `_app_views_layouts_application_html_erb___2529560670001262987_70263605894620'


  Rendered /Users/manuelperez/.rvm/gems/ruby-2.1.2/gems/actionpack-4.1.6/lib/action_dispatch/middleware/templates/rescues/_trace.html.erb (1.2ms)
  Rendered /Users/manuelperez/.rvm/gems/ruby-2.1.2/gems/actionpack-4.1.6/lib/action_dispatch/middleware/templates/rescues/_request_and_response.html.erb (0.9ms)
  Rendered /Users/manuelperez/.rvm/gems/ruby-2.1.2/gems/actionpack-4.1.6/lib/action_dispatch/middleware/templates/rescues/template_error.html.erb within rescues/layout (12.3ms)


Started GET "/" for 127.0.0.1 at 2015-03-17 11:10:24 -0500
Processing by HomeController#index as HTML
  Rendered home/index.html.slim within layouts/application (0.3ms)
Completed 200 OK in 643ms (Views: 641.9ms | ActiveRecord: 0.0ms)


Started GET "/assets/application.css?body=1" for 127.0.0.1 at 2015-03-17 11:10:24 -0500


Started GET "/assets/controllers/tool.js?body=1" for 127.0.0.1 at 2015-03-17 11:10:24 -0500


Started GET "/assets/jquery.js?body=1" for 127.0.0.1 at 2015-03-17 11:10:24 -0500


Started GET "/assets/turbolinks.js?body=1" for 127.0.0.1 at 2015-03-17 11:10:24 -0500


Started GET "/assets/angular.js?body=1" for 127.0.0.1 at 2015-03-17 11:10:24 -0500


Started GET "/assets/app.js?body=1" for 127.0.0.1 at 2015-03-17 11:10:24 -0500


Started GET "/assets/application.js?body=1" for 127.0.0.1 at 2015-03-17 11:10:24 -0500


Started GET "/assets/logo.png" for 127.0.0.1 at 2015-03-17 11:10:24 -0500


Started GET "/assets/application.css?body=1" for 127.0.0.1 at 2015-03-17 11:10:44 -0500


Started GET "/" for 127.0.0.1 at 2015-03-17 11:11:21 -0500
Processing by HomeController#index as HTML
  Rendered home/index.html.slim within layouts/application (49.9ms)
Completed 200 OK in 134ms (Views: 133.1ms | ActiveRecord: 0.0ms)


Started GET "/assets/application.css?body=1" for 127.0.0.1 at 2015-03-17 11:11:21 -0500


Started GET "/assets/jquery.js?body=1" for 127.0.0.1 at 2015-03-17 11:11:21 -0500


Started GET "/assets/turbolinks.js?body=1" for 127.0.0.1 at 2015-03-17 11:11:21 -0500


Started GET "/assets/angular.js?body=1" for 127.0.0.1 at 2015-03-17 11:11:21 -0500


Started GET "/assets/app.js?body=1" for 127.0.0.1 at 2015-03-17 11:11:21 -0500


Started GET "/assets/controllers/tool.js?body=1" for 127.0.0.1 at 2015-03-17 11:11:21 -0500


Started GET "/assets/application.js?body=1" for 127.0.0.1 at 2015-03-17 11:11:21 -0500


Started GET "/assets/logo.png" for 127.0.0.1 at 2015-03-17 11:11:21 -0500


Started GET "/" for 127.0.0.1 at 2015-03-17 11:12:49 -0500
Processing by HomeController#index as HTML
  Rendered home/index.html.slim within layouts/application (15.1ms)
Completed 200 OK in 96ms (Views: 95.6ms | ActiveRecord: 0.0ms)


Started GET "/assets/turbolinks.js?body=1" for 127.0.0.1 at 2015-03-17 11:12:50 -0500


Started GET "/assets/jquery.js?body=1" for 127.0.0.1 at 2015-03-17 11:12:50 -0500


Started GET "/assets/angular.js?body=1" for 127.0.0.1 at 2015-03-17 11:12:50 -0500


Started GET "/assets/app.js?body=1" for 127.0.0.1 at 2015-03-17 11:12:50 -0500


Started GET "/assets/controllers/tool.js?body=1" for 127.0.0.1 at 2015-03-17 11:12:50 -0500


Started GET "/assets/application.js?body=1" for 127.0.0.1 at 2015-03-17 11:12:50 -0500


Started GET "/assets/application.css?body=1" for 127.0.0.1 at 2015-03-17 11:12:50 -0500


Started GET "/assets/logo.png" for 127.0.0.1 at 2015-03-17 11:12:50 -0500


Started GET "/" for 127.0.0.1 at 2015-03-17 11:12:53 -0500
Processing by HomeController#index as HTML
  Rendered home/index.html.slim within layouts/application (0.3ms)
Completed 200 OK in 72ms (Views: 71.8ms | ActiveRecord: 0.0ms)


Started GET "/assets/application.css?body=1" for 127.0.0.1 at 2015-03-17 11:12:53 -0500


Started GET "/assets/jquery.js?body=1" for 127.0.0.1 at 2015-03-17 11:12:53 -0500


Started GET "/assets/turbolinks.js?body=1" for 127.0.0.1 at 2015-03-17 11:12:53 -0500


Started GET "/assets/angular.js?body=1" for 127.0.0.1 at 2015-03-17 11:12:53 -0500


Started GET "/assets/app.js?body=1" for 127.0.0.1 at 2015-03-17 11:12:53 -0500


Started GET "/assets/application.js?body=1" for 127.0.0.1 at 2015-03-17 11:12:53 -0500


Started GET "/assets/controllers/tool.js?body=1" for 127.0.0.1 at 2015-03-17 11:12:53 -0500


Started GET "/assets/logo.png" for 127.0.0.1 at 2015-03-17 11:12:53 -0500


Started GET "/assets/application.css?body=1" for 127.0.0.1 at 2015-03-17 11:13:04 -0500


Started GET "/" for 127.0.0.1 at 2015-03-17 11:13:15 -0500
Processing by HomeController#index as HTML
  Rendered home/index.html.slim within layouts/application (7.3ms)
Completed 200 OK in 90ms (Views: 88.8ms | ActiveRecord: 0.0ms)


Started GET "/assets/jquery.js?body=1" for 127.0.0.1 at 2015-03-17 11:13:15 -0500


Started GET "/assets/application.css?body=1" for 127.0.0.1 at 2015-03-17 11:13:15 -0500


Started GET "/assets/turbolinks.js?body=1" for 127.0.0.1 at 2015-03-17 11:13:15 -0500


Started GET "/assets/angular.js?body=1" for 127.0.0.1 at 2015-03-17 11:13:15 -0500


Started GET "/assets/controllers/tool.js?body=1" for 127.0.0.1 at 2015-03-17 11:13:15 -0500


Started GET "/assets/app.js?body=1" for 127.0.0.1 at 2015-03-17 11:13:15 -0500


Started GET "/assets/application.js?body=1" for 127.0.0.1 at 2015-03-17 11:13:15 -0500


Started GET "/assets/logo.png" for 127.0.0.1 at 2015-03-17 11:13:15 -0500


Started GET "/" for 127.0.0.1 at 2015-03-17 11:13:26 -0500
Processing by HomeController#index as HTML
  Rendered home/index.html.slim within layouts/application (0.7ms)
Completed 200 OK in 64ms (Views: 63.7ms | ActiveRecord: 0.0ms)


Started GET "/assets/application.css?body=1" for 127.0.0.1 at 2015-03-17 11:13:26 -0500


Started GET "/assets/jquery.js?body=1" for 127.0.0.1 at 2015-03-17 11:13:26 -0500


Started GET "/assets/turbolinks.js?body=1" for 127.0.0.1 at 2015-03-17 11:13:26 -0500


Started GET "/assets/angular.js?body=1" for 127.0.0.1 at 2015-03-17 11:13:26 -0500


Started GET "/assets/app.js?body=1" for 127.0.0.1 at 2015-03-17 11:13:26 -0500


Started GET "/assets/controllers/tool.js?body=1" for 127.0.0.1 at 2015-03-17 11:13:26 -0500


Started GET "/assets/application.js?body=1" for 127.0.0.1 at 2015-03-17 11:13:26 -0500


Started GET "/assets/logo.png" for 127.0.0.1 at 2015-03-17 11:13:26 -0500


Started GET "/" for 127.0.0.1 at 2015-03-17 11:14:50 -0500
Processing by HomeController#index as HTML
  Rendered home/index.html.slim within layouts/application (0.3ms)
Completed 200 OK in 644ms (Views: 643.9ms | ActiveRecord: 0.0ms)


Started GET "/assets/jquery.js?body=1" for 127.0.0.1 at 2015-03-17 11:14:51 -0500


Started GET "/assets/application.css?body=1" for 127.0.0.1 at 2015-03-17 11:14:51 -0500


Started GET "/assets/turbolinks.js?body=1" for 127.0.0.1 at 2015-03-17 11:14:51 -0500


Started GET "/assets/angular.js?body=1" for 127.0.0.1 at 2015-03-17 11:14:51 -0500


Started GET "/assets/app.js?body=1" for 127.0.0.1 at 2015-03-17 11:14:51 -0500


Started GET "/assets/controllers/tool.js?body=1" for 127.0.0.1 at 2015-03-17 11:14:51 -0500


Started GET "/assets/application.js?body=1" for 127.0.0.1 at 2015-03-17 11:14:51 -0500


Started GET "/assets/logo.png" for 127.0.0.1 at 2015-03-17 11:14:51 -0500


Started GET "/" for 127.0.0.1 at 2015-03-17 11:15:46 -0500
Processing by HomeController#index as HTML
  Rendered home/index.html.slim within layouts/application (8.4ms)
Completed 200 OK in 663ms (Views: 662.2ms | ActiveRecord: 0.0ms)


Started GET "/assets/application.css?body=1" for 127.0.0.1 at 2015-03-17 11:15:47 -0500


Started GET "/assets/jquery.js?body=1" for 127.0.0.1 at 2015-03-17 11:15:47 -0500


Started GET "/assets/turbolinks.js?body=1" for 127.0.0.1 at 2015-03-17 11:15:47 -0500


Started GET "/assets/angular.js?body=1" for 127.0.0.1 at 2015-03-17 11:15:47 -0500


Started GET "/assets/app.js?body=1" for 127.0.0.1 at 2015-03-17 11:15:47 -0500


Started GET "/assets/controllers/tool.js?body=1" for 127.0.0.1 at 2015-03-17 11:15:47 -0500


Started GET "/assets/application.js?body=1" for 127.0.0.1 at 2015-03-17 11:15:47 -0500


Started GET "/assets/logo.png" for 127.0.0.1 at 2015-03-17 11:15:47 -0500


Started GET "/" for 127.0.0.1 at 2015-03-17 11:16:28 -0500
Processing by HomeController#index as HTML
  Rendered home/index.html.slim within layouts/application (8.7ms)
Completed 200 OK in 717ms (Views: 716.4ms | ActiveRecord: 0.0ms)


Started GET "/assets/application.css?body=1" for 127.0.0.1 at 2015-03-17 11:16:29 -0500


Started GET "/assets/jquery.js?body=1" for 127.0.0.1 at 2015-03-17 11:16:29 -0500


Started GET "/assets/angular.js?body=1" for 127.0.0.1 at 2015-03-17 11:16:29 -0500


Started GET "/assets/app.js?body=1" for 127.0.0.1 at 2015-03-17 11:16:29 -0500


Started GET "/assets/turbolinks.js?body=1" for 127.0.0.1 at 2015-03-17 11:16:29 -0500


Started GET "/assets/controllers/tool.js?body=1" for 127.0.0.1 at 2015-03-17 11:16:29 -0500


Started GET "/assets/application.js?body=1" for 127.0.0.1 at 2015-03-17 11:16:29 -0500


Started GET "/assets/logo.png" for 127.0.0.1 at 2015-03-17 11:16:29 -0500


Started GET "/" for 127.0.0.1 at 2015-03-17 11:16:34 -0500
Processing by HomeController#index as HTML
  Rendered home/index.html.slim within layouts/application (0.3ms)
Completed 200 OK in 672ms (Views: 671.0ms | ActiveRecord: 0.0ms)


Started GET "/assets/jquery.js?body=1" for 127.0.0.1 at 2015-03-17 11:16:35 -0500


Started GET "/assets/angular.js?body=1" for 127.0.0.1 at 2015-03-17 11:16:35 -0500


Started GET "/assets/app.js?body=1" for 127.0.0.1 at 2015-03-17 11:16:35 -0500


Started GET "/assets/turbolinks.js?body=1" for 127.0.0.1 at 2015-03-17 11:16:35 -0500


Started GET "/assets/application.css?body=1" for 127.0.0.1 at 2015-03-17 11:16:35 -0500


Started GET "/assets/controllers/tool.js?body=1" for 127.0.0.1 at 2015-03-17 11:16:35 -0500


Started GET "/assets/application.js?body=1" for 127.0.0.1 at 2015-03-17 11:16:35 -0500


Started GET "/assets/logo.png" for 127.0.0.1 at 2015-03-17 11:16:35 -0500


Started GET "/" for 127.0.0.1 at 2015-03-17 11:16:40 -0500
Processing by HomeController#index as HTML
  Rendered home/index.html.slim within layouts/application (1.1ms)
Completed 200 OK in 682ms (Views: 681.4ms | ActiveRecord: 0.0ms)


Started GET "/assets/application.css?body=1" for 127.0.0.1 at 2015-03-17 11:16:40 -0500


Started GET "/assets/jquery.js?body=1" for 127.0.0.1 at 2015-03-17 11:16:40 -0500


Started GET "/assets/application.js?body=1" for 127.0.0.1 at 2015-03-17 11:16:40 -0500


Started GET "/assets/app.js?body=1" for 127.0.0.1 at 2015-03-17 11:16:40 -0500


Started GET "/assets/turbolinks.js?body=1" for 127.0.0.1 at 2015-03-17 11:16:40 -0500


Started GET "/assets/angular.js?body=1" for 127.0.0.1 at 2015-03-17 11:16:40 -0500


Started GET "/assets/controllers/tool.js?body=1" for 127.0.0.1 at 2015-03-17 11:16:40 -0500


Started GET "/assets/logo.png" for 127.0.0.1 at 2015-03-17 11:16:40 -0500


Started GET "/" for 127.0.0.1 at 2015-03-17 11:16:46 -0500
Processing by HomeController#index as HTML
  Rendered home/index.html.slim within layouts/application (0.6ms)
Completed 200 OK in 661ms (Views: 658.8ms | ActiveRecord: 0.0ms)


Started GET "/assets/application.css?body=1" for 127.0.0.1 at 2015-03-17 11:16:47 -0500


Started GET "/assets/turbolinks.js?body=1" for 127.0.0.1 at 2015-03-17 11:16:47 -0500


Started GET "/assets/jquery.js?body=1" for 127.0.0.1 at 2015-03-17 11:16:47 -0500


Started GET "/assets/angular.js?body=1" for 127.0.0.1 at 2015-03-17 11:16:47 -0500


Started GET "/assets/controllers/tool.js?body=1" for 127.0.0.1 at 2015-03-17 11:16:47 -0500


Started GET "/assets/app.js?body=1" for 127.0.0.1 at 2015-03-17 11:16:47 -0500


Started GET "/assets/application.js?body=1" for 127.0.0.1 at 2015-03-17 11:16:47 -0500


Started GET "/assets/logo.png" for 127.0.0.1 at 2015-03-17 11:16:47 -0500


Started GET "/" for 127.0.0.1 at 2015-03-17 11:17:10 -0500
Processing by HomeController#index as HTML
  Rendered home/index.html.slim within layouts/application (0.3ms)
Completed 200 OK in 774ms (Views: 773.6ms | ActiveRecord: 0.0ms)


Started GET "/assets/application.css?body=1" for 127.0.0.1 at 2015-03-17 11:17:11 -0500


Started GET "/assets/jquery.js?body=1" for 127.0.0.1 at 2015-03-17 11:17:11 -0500


Started GET "/assets/turbolinks.js?body=1" for 127.0.0.1 at 2015-03-17 11:17:11 -0500


Started GET "/assets/angular.js?body=1" for 127.0.0.1 at 2015-03-17 11:17:11 -0500


Started GET "/assets/app.js?body=1" for 127.0.0.1 at 2015-03-17 11:17:11 -0500


Started GET "/assets/controllers/tool.js?body=1" for 127.0.0.1 at 2015-03-17 11:17:11 -0500


Started GET "/assets/application.js?body=1" for 127.0.0.1 at 2015-03-17 11:17:11 -0500


Started GET "/assets/logo.png" for 127.0.0.1 at 2015-03-17 11:17:11 -0500


Started GET "/" for 127.0.0.1 at 2015-03-17 11:17:31 -0500
Processing by HomeController#index as HTML
  Rendered home/index.html.slim within layouts/application (10.2ms)
Completed 200 OK in 102ms (Views: 101.7ms | ActiveRecord: 0.0ms)


Started GET "/assets/application.css?body=1" for 127.0.0.1 at 2015-03-17 11:17:31 -0500


Started GET "/assets/jquery.js?body=1" for 127.0.0.1 at 2015-03-17 11:17:31 -0500


Started GET "/assets/app.js?body=1" for 127.0.0.1 at 2015-03-17 11:17:31 -0500


Started GET "/assets/angular.js?body=1" for 127.0.0.1 at 2015-03-17 11:17:31 -0500


Started GET "/assets/turbolinks.js?body=1" for 127.0.0.1 at 2015-03-17 11:17:31 -0500


Started GET "/assets/controllers/tool.js?body=1" for 127.0.0.1 at 2015-03-17 11:17:31 -0500


Started GET "/assets/application.js?body=1" for 127.0.0.1 at 2015-03-17 11:17:31 -0500


Started GET "/assets/logo.png" for 127.0.0.1 at 2015-03-17 11:17:31 -0500


Started GET "/" for 127.0.0.1 at 2015-03-17 11:18:34 -0500
Processing by HomeController#index as HTML
  Rendered home/index.html.slim within layouts/application (0.3ms)
Completed 200 OK in 675ms (Views: 674.1ms | ActiveRecord: 0.0ms)


Started GET "/assets/turbolinks.js?body=1" for 127.0.0.1 at 2015-03-17 11:18:35 -0500


Started GET "/assets/app.js?body=1" for 127.0.0.1 at 2015-03-17 11:18:35 -0500


Started GET "/assets/angular.js?body=1" for 127.0.0.1 at 2015-03-17 11:18:35 -0500


Started GET "/assets/controllers/tool.js?body=1" for 127.0.0.1 at 2015-03-17 11:18:35 -0500


Started GET "/assets/jquery.js?body=1" for 127.0.0.1 at 2015-03-17 11:18:35 -0500


Started GET "/assets/application.css?body=1" for 127.0.0.1 at 2015-03-17 11:18:35 -0500


Started GET "/assets/application.js?body=1" for 127.0.0.1 at 2015-03-17 11:18:35 -0500


Started GET "/assets/logo.png" for 127.0.0.1 at 2015-03-17 11:18:35 -0500


Started GET "/" for 127.0.0.1 at 2015-03-17 11:18:47 -0500
Processing by HomeController#index as HTML
  Rendered home/index.html.slim within layouts/application (0.4ms)
Completed 200 OK in 640ms (Views: 639.0ms | ActiveRecord: 0.0ms)


Started GET "/assets/application.css?body=1" for 127.0.0.1 at 2015-03-17 11:18:48 -0500


Started GET "/assets/jquery.js?body=1" for 127.0.0.1 at 2015-03-17 11:18:48 -0500


Started GET "/assets/turbolinks.js?body=1" for 127.0.0.1 at 2015-03-17 11:18:48 -0500


Started GET "/assets/controllers/tool.js?body=1" for 127.0.0.1 at 2015-03-17 11:18:48 -0500


Started GET "/assets/app.js?body=1" for 127.0.0.1 at 2015-03-17 11:18:48 -0500


Started GET "/assets/angular.js?body=1" for 127.0.0.1 at 2015-03-17 11:18:48 -0500


Started GET "/assets/application.js?body=1" for 127.0.0.1 at 2015-03-17 11:18:48 -0500


Started GET "/assets/logo.png" for 127.0.0.1 at 2015-03-17 11:18:48 -0500


Started GET "/" for 127.0.0.1 at 2015-03-17 11:21:32 -0500
Processing by HomeController#index as HTML
  Rendered home/index.html.slim within layouts/application (8.7ms)
Completed 200 OK in 124ms (Views: 123.5ms | ActiveRecord: 0.0ms)


Started GET "/assets/jquery.js?body=1" for 127.0.0.1 at 2015-03-17 11:21:33 -0500


Started GET "/assets/angular.js?body=1" for 127.0.0.1 at 2015-03-17 11:21:33 -0500


Started GET "/assets/turbolinks.js?body=1" for 127.0.0.1 at 2015-03-17 11:21:33 -0500


Started GET "/assets/app.js?body=1" for 127.0.0.1 at 2015-03-17 11:21:33 -0500


Started GET "/assets/controllers/tool.js?body=1" for 127.0.0.1 at 2015-03-17 11:21:33 -0500


Started GET "/assets/application.css?body=1" for 127.0.0.1 at 2015-03-17 11:21:33 -0500


Started GET "/assets/application.js?body=1" for 127.0.0.1 at 2015-03-17 11:21:33 -0500


Started GET "/assets/logo.png" for 127.0.0.1 at 2015-03-17 11:21:33 -0500


Started GET "/" for 127.0.0.1 at 2015-03-17 11:27:00 -0500
Processing by HomeController#index as HTML
  Rendered home/index.html.slim within layouts/application (0.5ms)
Completed 200 OK in 632ms (Views: 631.7ms | ActiveRecord: 0.0ms)


Started GET "/assets/application.css?body=1" for 127.0.0.1 at 2015-03-17 11:27:00 -0500


Started GET "/assets/turbolinks.js?body=1" for 127.0.0.1 at 2015-03-17 11:27:00 -0500


Started GET "/assets/jquery.js?body=1" for 127.0.0.1 at 2015-03-17 11:27:00 -0500


Started GET "/assets/angular.js?body=1" for 127.0.0.1 at 2015-03-17 11:27:00 -0500


Started GET "/assets/app.js?body=1" for 127.0.0.1 at 2015-03-17 11:27:00 -0500


Started GET "/assets/controllers/tool.js?body=1" for 127.0.0.1 at 2015-03-17 11:27:00 -0500


Started GET "/assets/application.js?body=1" for 127.0.0.1 at 2015-03-17 11:27:00 -0500


Started GET "/assets/logo.png" for 127.0.0.1 at 2015-03-17 11:27:00 -0500


Started GET "/assets/bg-eps.jpg" for 127.0.0.1 at 2015-03-17 11:27:01 -0500


Started GET "/" for 127.0.0.1 at 2015-03-17 11:28:51 -0500
Processing by HomeController#index as HTML
  Rendered home/index.html.slim within layouts/application (0.3ms)
Completed 200 OK in 655ms (Views: 654.6ms | ActiveRecord: 0.0ms)


Started GET "/assets/application.css?body=1" for 127.0.0.1 at 2015-03-17 11:28:51 -0500


Started GET "/assets/jquery.js?body=1" for 127.0.0.1 at 2015-03-17 11:28:52 -0500


Started GET "/assets/turbolinks.js?body=1" for 127.0.0.1 at 2015-03-17 11:28:52 -0500


Started GET "/assets/angular.js?body=1" for 127.0.0.1 at 2015-03-17 11:28:52 -0500


Started GET "/assets/app.js?body=1" for 127.0.0.1 at 2015-03-17 11:28:52 -0500


Started GET "/assets/controllers/tool.js?body=1" for 127.0.0.1 at 2015-03-17 11:28:52 -0500


Started GET "/assets/application.js?body=1" for 127.0.0.1 at 2015-03-17 11:28:52 -0500


Started GET "/assets/logo.png" for 127.0.0.1 at 2015-03-17 11:28:52 -0500


Started GET "/assets/bg-eps.jpg" for 127.0.0.1 at 2015-03-17 11:28:52 -0500


Started GET "/" for 127.0.0.1 at 2015-03-17 11:29:29 -0500
Processing by HomeController#index as HTML
  Rendered home/index.html.slim within layouts/application (11.7ms)
Completed 200 OK in 100ms (Views: 99.5ms | ActiveRecord: 0.0ms)


Started GET "/assets/jquery.js?body=1" for 127.0.0.1 at 2015-03-17 11:29:29 -0500


Started GET "/assets/turbolinks.js?body=1" for 127.0.0.1 at 2015-03-17 11:29:29 -0500


Started GET "/assets/angular.js?body=1" for 127.0.0.1 at 2015-03-17 11:29:29 -0500


Started GET "/assets/app.js?body=1" for 127.0.0.1 at 2015-03-17 11:29:29 -0500


Started GET "/assets/application.css?body=1" for 127.0.0.1 at 2015-03-17 11:29:29 -0500


Started GET "/assets/application.js?body=1" for 127.0.0.1 at 2015-03-17 11:29:29 -0500


Started GET "/assets/controllers/tool.js?body=1" for 127.0.0.1 at 2015-03-17 11:29:29 -0500


Started GET "/assets/logo.png" for 127.0.0.1 at 2015-03-17 11:29:29 -0500


Started GET "/assets/bg-eps.jpg" for 127.0.0.1 at 2015-03-17 11:29:29 -0500


Started GET "/" for 127.0.0.1 at 2015-03-17 11:29:31 -0500
Processing by HomeController#index as HTML
  Rendered home/index.html.slim within layouts/application (0.5ms)
Completed 200 OK in 81ms (Views: 80.8ms | ActiveRecord: 0.0ms)


Started GET "/assets/application.css?body=1" for 127.0.0.1 at 2015-03-17 11:29:31 -0500


Started GET "/assets/jquery.js?body=1" for 127.0.0.1 at 2015-03-17 11:29:31 -0500


Started GET "/assets/turbolinks.js?body=1" for 127.0.0.1 at 2015-03-17 11:29:31 -0500


Started GET "/assets/angular.js?body=1" for 127.0.0.1 at 2015-03-17 11:29:31 -0500


Started GET "/assets/controllers/tool.js?body=1" for 127.0.0.1 at 2015-03-17 11:29:31 -0500


Started GET "/assets/app.js?body=1" for 127.0.0.1 at 2015-03-17 11:29:31 -0500


Started GET "/assets/application.js?body=1" for 127.0.0.1 at 2015-03-17 11:29:31 -0500


Started GET "/assets/logo.png" for 127.0.0.1 at 2015-03-17 11:29:31 -0500


Started GET "/assets/bg-eps.jpg" for 127.0.0.1 at 2015-03-17 11:29:31 -0500


Started GET "/" for 127.0.0.1 at 2015-03-17 11:29:41 -0500
Processing by HomeController#index as HTML
  Rendered home/index.html.slim within layouts/application (0.3ms)
Completed 200 OK in 665ms (Views: 664.5ms | ActiveRecord: 0.0ms)


Started GET "/assets/application.css?body=1" for 127.0.0.1 at 2015-03-17 11:29:42 -0500


Started GET "/assets/jquery.js?body=1" for 127.0.0.1 at 2015-03-17 11:29:42 -0500


Started GET "/assets/turbolinks.js?body=1" for 127.0.0.1 at 2015-03-17 11:29:42 -0500


Started GET "/assets/logo.png" for 127.0.0.1 at 2015-03-17 11:29:42 -0500


Started GET "/assets/app.js?body=1" for 127.0.0.1 at 2015-03-17 11:29:42 -0500


Started GET "/assets/angular.js?body=1" for 127.0.0.1 at 2015-03-17 11:29:42 -0500


Started GET "/assets/application.js?body=1" for 127.0.0.1 at 2015-03-17 11:29:42 -0500


Started GET "/assets/controllers/tool.js?body=1" for 127.0.0.1 at 2015-03-17 11:29:42 -0500


Started GET "/assets/bg-eps.jpg" for 127.0.0.1 at 2015-03-17 11:29:42 -0500


Started GET "/" for 127.0.0.1 at 2015-03-17 11:30:04 -0500
Processing by HomeController#index as HTML
  Rendered home/index.html.slim within layouts/application (0.3ms)
Completed 200 OK in 735ms (Views: 733.9ms | ActiveRecord: 0.0ms)


Started GET "/assets/application.css?body=1" for 127.0.0.1 at 2015-03-17 11:30:05 -0500


Started GET "/assets/jquery.js?body=1" for 127.0.0.1 at 2015-03-17 11:30:05 -0500


Started GET "/assets/turbolinks.js?body=1" for 127.0.0.1 at 2015-03-17 11:30:05 -0500


Started GET "/assets/angular.js?body=1" for 127.0.0.1 at 2015-03-17 11:30:05 -0500


Started GET "/assets/app.js?body=1" for 127.0.0.1 at 2015-03-17 11:30:05 -0500


Started GET "/assets/controllers/tool.js?body=1" for 127.0.0.1 at 2015-03-17 11:30:05 -0500


Started GET "/assets/application.js?body=1" for 127.0.0.1 at 2015-03-17 11:30:05 -0500


Started GET "/assets/logo.png" for 127.0.0.1 at 2015-03-17 11:30:05 -0500


Started GET "/assets/bg-eps.jpg" for 127.0.0.1 at 2015-03-17 11:30:05 -0500
